<?xml version="1.0" encoding="UTF-8"?>
<coverage generated="1790234191">
  <project timestamp="1790234191">
    <file name="/Users/piotr.halas/work/the-consoomer/src/AmqpDelayStamp.php">
      <class name="CrazyGoat\TheConsoomer\AmqpDelayStamp" namespace="global">
        <metrics complexity="3" methods="2" coveredmethods="2" conditionals="0" coveredconditionals="0" statements="3" coveredstatements="3" elements="5" coveredelements="5"/>
      </class>
      <line num="14" type="method" name="__construct" visibility="public" complexity="2" crap="2" count="17"/>
      <line num="17" type="stmt" count="17"/>
      <line num="18" type="stmt" count="3"/>
      <line num="22" type="method" name="getDelay" visibility="public" complexity="1" crap="1" count="13"/>
      <line num="24" type="stmt" count="13"/>
      <metrics loc="27" ncloc="24" classes="1" methods="2" coveredmethods="2" conditionals="0" coveredconditionals="0" statements="3" coveredstatements="3" elements="5" coveredelements="5"/>
    </file>
    <file name="/Users/piotr.halas/work/the-consoomer/src/AmqpFactory.php">
      <class name="CrazyGoat\TheConsoomer\AmqpFactory" namespace="global">
        <metrics complexity="25" methods="6" coveredmethods="2" conditionals="0" coveredconditionals="0" statements="65" coveredstatements="58" elements="71" coveredelements="60"/>
      </class>
      <line num="21" type="method" name="createConnection" visibility="public" complexity="2" crap="6" count="0"/>
      <line num="23" type="stmt" count="0"/>
      <line num="24" type="stmt" count="0"/>
      <line num="25" type="stmt" count="0"/>
      <line num="28" type="stmt" count="0"/>
      <line num="36" type="method" name="createChannel" visibility="public" complexity="1" crap="2" count="0"/>
      <line num="38" type="stmt" count="0"/>
      <line num="46" type="method" name="createQueue" visibility="public" complexity="1" crap="2" count="0"/>
      <line num="48" type="stmt" count="0"/>
      <line num="56" type="method" name="createExchange" visibility="public" complexity="1" crap="2" count="0"/>
      <line num="58" type="stmt" count="0"/>
      <line num="87" type="method" name="configureSsl" visibility="public" complexity="19" crap="19" count="28"/>
      <line num="89" type="stmt" count="28"/>
      <line num="90" type="stmt" count="1"/>
      <line num="93" type="stmt" count="27"/>
      <line num="95" type="stmt" count="27"/>
      <line num="96" type="stmt" count="27"/>
      <line num="97" type="stmt" count="27"/>
      <line num="98" type="stmt" count="27"/>
      <line num="99" type="stmt" count="27"/>
      <line num="101" type="stmt" count="27"/>
      <line num="102" type="stmt" count="27"/>
      <line num="103" type="stmt" count="1"/>
      <line num="105" type="stmt" count="26"/>
      <line num="106" type="stmt" count="1"/>
      <line num="110" type="stmt" count="25"/>
      <line num="111" type="stmt" count="1"/>
      <line num="112" type="stmt" count="1"/>
      <line num="114" type="stmt" count="25"/>
      <line num="115" type="stmt" count="1"/>
      <line num="116" type="stmt" count="1"/>
      <line num="118" type="stmt" count="25"/>
      <line num="119" type="stmt" count="3"/>
      <line num="120" type="stmt" count="3"/>
      <line num="123" type="stmt" count="25"/>
      <line num="124" type="stmt" count="25"/>
      <line num="125" type="stmt" count="1"/>
      <line num="127" type="stmt" count="24"/>
      <line num="128" type="stmt" count="9"/>
      <line num="129" type="stmt" count="9"/>
      <line num="130" type="stmt" count="1"/>
      <line num="131" type="stmt" count="1"/>
      <line num="132" type="stmt" count="1"/>
      <line num="133" type="stmt" count="1"/>
      <line num="135" type="stmt" count="8"/>
      <line num="145" type="stmt" count="23"/>
      <line num="146" type="stmt" count="11"/>
      <line num="147" type="stmt" count="11"/>
      <line num="148" type="stmt" count="11"/>
      <line num="149" type="stmt" count="11"/>
      <line num="150" type="stmt" count="11"/>
      <line num="151" type="stmt" count="3"/>
      <line num="152" type="stmt" count="3"/>
      <line num="153" type="stmt" count="3"/>
      <line num="154" type="stmt" count="3"/>
      <line num="155" type="stmt" count="3"/>
      <line num="156" type="stmt" count="3"/>
      <line num="159" type="stmt" count="20"/>
      <line num="160" type="stmt" count="20"/>
      <line num="161" type="stmt" count="12"/>
      <line num="166" type="stmt" count="12"/>
      <line num="167" type="stmt" count="9"/>
      <line num="168" type="stmt" count="9"/>
      <line num="169" type="stmt" count="9"/>
      <line num="175" type="stmt" count="9"/>
      <line num="176" type="stmt" count="6"/>
      <line num="178" type="stmt" count="3"/>
      <line num="184" type="stmt" count="8"/>
      <line num="187" type="stmt" count="20"/>
      <line num="198" type="method" name="hasCaCertConfigured" visibility="public" complexity="1" crap="1" count="14"/>
      <line num="200" type="stmt" count="14"/>
      <metrics loc="203" ncloc="125" classes="1" methods="6" coveredmethods="2" conditionals="0" coveredconditionals="0" statements="65" coveredstatements="58" elements="71" coveredelements="60"/>
    </file>
    <file name="/Users/piotr.halas/work/the-consoomer/src/AmqpFactoryInterface.php">
      <metrics loc="73" ncloc="23" classes="0" methods="0" coveredmethods="0" conditionals="0" coveredconditionals="0" statements="0" coveredstatements="0" elements="0" coveredelements="0"/>
    </file>
    <file name="/Users/piotr.halas/work/the-consoomer/src/AmqpPriorityStamp.php">
      <class name="CrazyGoat\TheConsoomer\AmqpPriorityStamp" namespace="global">
        <metrics complexity="4" methods="2" coveredmethods="2" conditionals="0" coveredconditionals="0" statements="3" coveredstatements="3" elements="5" coveredelements="5"/>
      </class>
      <line num="19" type="method" name="__construct" visibility="public" complexity="3" crap="3" count="9"/>
      <line num="22" type="stmt" count="9"/>
      <line num="23" type="stmt" count="2"/>
      <line num="27" type="method" name="getPriority" visibility="public" complexity="1" crap="1" count="6"/>
      <line num="29" type="stmt" count="6"/>
      <metrics loc="32" ncloc="24" classes="1" methods="2" coveredmethods="2" conditionals="0" coveredconditionals="0" statements="3" coveredstatements="3" elements="5" coveredelements="5"/>
    </file>
    <file name="/Users/piotr.halas/work/the-consoomer/src/AmqpReceivedStamp.php">
      <class name="CrazyGoat\TheConsoomer\AmqpReceivedStamp" namespace="global">
        <metrics complexity="13" methods="13" coveredmethods="13" conditionals="0" coveredconditionals="0" statements="13" coveredstatements="13" elements="26" coveredelements="26"/>
      </class>
      <line num="24" type="method" name="__construct" visibility="public" complexity="1" crap="1" count="59"/>
      <line num="29" type="stmt" count="59"/>
      <line num="31" type="method" name="getAmqpEnvelope" visibility="public" complexity="1" crap="1" count="17"/>
      <line num="33" type="stmt" count="17"/>
      <line num="36" type="method" name="getQueueName" visibility="public" complexity="1" crap="1" count="21"/>
      <line num="38" type="stmt" count="21"/>
      <line num="48" type="method" name="getChannelGeneration" visibility="public" complexity="1" crap="1" count="22"/>
      <line num="50" type="stmt" count="22"/>
      <line num="53" type="method" name="getMessageId" visibility="public" complexity="1" crap="1" count="2"/>
      <line num="55" type="stmt" count="2"/>
      <line num="58" type="method" name="getTimestamp" visibility="public" complexity="1" crap="1" count="2"/>
      <line num="60" type="stmt" count="2"/>
      <line num="63" type="method" name="getAppId" visibility="public" complexity="1" crap="1" count="2"/>
      <line num="65" type="stmt" count="2"/>
      <line num="71" type="method" name="getHeaders" visibility="public" complexity="1" crap="1" count="2"/>
      <line num="73" type="stmt" count="2"/>
      <line num="76" type="method" name="getCorrelationId" visibility="public" complexity="1" crap="1" count="2"/>
      <line num="78" type="stmt" count="2"/>
      <line num="81" type="method" name="getReplyTo" visibility="public" complexity="1" crap="1" count="2"/>
      <line num="83" type="stmt" count="2"/>
      <line num="86" type="method" name="getContentType" visibility="public" complexity="1" crap="1" count="2"/>
      <line num="88" type="stmt" count="2"/>
      <line num="91" type="method" name="getDeliveryMode" visibility="public" complexity="1" crap="1" count="1"/>
      <line num="93" type="stmt" count="1"/>
      <line num="96" type="method" name="getPriority" visibility="public" complexity="1" crap="1" count="1"/>
      <line num="98" type="stmt" count="1"/>
      <metrics loc="101" ncloc="78" classes="1" methods="13" coveredmethods="13" conditionals="0" coveredconditionals="0" statements="13" coveredstatements="13" elements="26" coveredelements="26"/>
    </file>
    <file name="/Users/piotr.halas/work/the-consoomer/src/AmqpStamp.php">
      <class name="CrazyGoat\TheConsoomer\AmqpStamp" namespace="global">
        <metrics complexity="8" methods="8" coveredmethods="8" conditionals="0" coveredconditionals="0" statements="14" coveredstatements="14" elements="22" coveredelements="22"/>
      </class>
      <line num="34" type="method" name="__construct" visibility="public" complexity="1" crap="1" count="30"/>
      <line num="39" type="stmt" count="30"/>
      <line num="41" type="method" name="getRoutingKey" visibility="public" complexity="1" crap="1" count="22"/>
      <line num="43" type="stmt" count="22"/>
      <line num="46" type="method" name="getFlags" visibility="public" complexity="1" crap="1" count="22"/>
      <line num="48" type="stmt" count="22"/>
      <line num="68" type="method" name="getAttributes" visibility="public" complexity="1" crap="1" count="23"/>
      <line num="70" type="stmt" count="23"/>
      <line num="73" type="method" name="withRoutingKey" visibility="public" complexity="1" crap="1" count="1"/>
      <line num="75" type="stmt" count="1"/>
      <line num="78" type="method" name="withFlags" visibility="public" complexity="1" crap="1" count="1"/>
      <line num="80" type="stmt" count="1"/>
      <line num="83" type="method" name="withAttribute" visibility="public" complexity="1" crap="1" count="2"/>
      <line num="85" type="stmt" count="2"/>
      <line num="86" type="stmt" count="2"/>
      <line num="88" type="stmt" count="2"/>
      <line num="112" type="method" name="createWithAttributes" visibility="public" complexity="1" crap="1" count="2"/>
      <line num="114" type="stmt" count="2"/>
      <line num="115" type="stmt" count="2"/>
      <line num="116" type="stmt" count="2"/>
      <line num="117" type="stmt" count="2"/>
      <line num="118" type="stmt" count="2"/>
      <metrics loc="121" ncloc="60" classes="1" methods="8" coveredmethods="8" conditionals="0" coveredconditionals="0" statements="14" coveredstatements="14" elements="22" coveredelements="22"/>
    </file>
    <file name="/Users/piotr.halas/work/the-consoomer/src/AmqpTransport.php">
      <class name="CrazyGoat\TheConsoomer\AmqpTransport" namespace="global">
        <metrics complexity="10" methods="8" coveredmethods="8" conditionals="0" coveredconditionals="0" statements="12" coveredstatements="12" elements="20" coveredelements="20"/>
      </class>
      <line num="29" type="method" name="__construct" visibility="public" complexity="1" crap="1" count="20"/>
      <line num="35" type="stmt" count="20"/>
      <line num="42" type="method" name="get" visibility="public" complexity="1" crap="1" count="2"/>
      <line num="44" type="stmt" count="2"/>
      <line num="50" type="method" name="ack" visibility="public" complexity="1" crap="1" count="1"/>
      <line num="52" type="stmt" count="1"/>
      <line num="58" type="method" name="reject" visibility="public" complexity="1" crap="1" count="1"/>
      <line num="60" type="stmt" count="1"/>
      <line num="66" type="method" name="send" visibility="public" complexity="1" crap="1" count="2"/>
      <line num="68" type="stmt" count="2"/>
      <line num="74" type="method" name="getMessageCount" visibility="public" complexity="2" crap="2" count="2"/>
      <line num="76" type="stmt" count="2"/>
      <line num="77" type="stmt" count="1"/>
      <line num="80" type="stmt" count="1"/>
      <line num="86" type="method" name="setup" visibility="public" complexity="1" crap="1" count="1"/>
      <line num="88" type="stmt" count="1"/>
      <line num="94" type="method" name="close" visibility="public" complexity="2" crap="2" count="3"/>
      <line num="96" type="stmt" count="3"/>
      <line num="97" type="stmt" count="1"/>
      <line num="99" type="stmt" count="3"/>
      <metrics loc="102" ncloc="67" classes="1" methods="8" coveredmethods="8" conditionals="0" coveredconditionals="0" statements="12" coveredstatements="12" elements="20" coveredelements="20"/>
    </file>
    <file name="/Users/piotr.halas/work/the-consoomer/src/AmqpTransportFactory.php">
      <class name="CrazyGoat\TheConsoomer\AmqpTransportFactory" namespace="global">
        <metrics complexity="8" methods="4" coveredmethods="2" conditionals="0" coveredconditionals="0" statements="42" coveredstatements="39" elements="46" coveredelements="41"/>
      </class>
      <line num="34" type="method" name="supports" visibility="public" complexity="2" crap="2" count="3"/>
      <line num="36" type="stmt" count="3"/>
      <line num="46" type="method" name="createTransport" visibility="public" complexity="1" crap="2" count="0"/>
      <line num="48" type="stmt" count="0"/>
      <line num="110" type="method" name="create" visibility="public" complexity="3" crap="3.00" count="8"/>
      <line num="117" type="stmt" count="8"/>
      <line num="118" type="stmt" count="8"/>
      <line num="119" type="stmt" count="8"/>
      <line num="121" type="stmt" count="8"/>
      <line num="125" type="stmt" count="8"/>
      <line num="132" type="stmt" count="8"/>
      <line num="133" type="stmt" count="8"/>
      <line num="134" type="stmt" count="8"/>
      <line num="135" type="stmt" count="8"/>
      <line num="136" type="stmt" count="8"/>
      <line num="137" type="stmt" count="8"/>
      <line num="139" type="stmt" count="8"/>
      <line num="141" type="stmt" count="8"/>
      <line num="143" type="stmt" count="8"/>
      <line num="149" type="stmt" count="8"/>
      <line num="150" type="stmt" count="8"/>
      <line num="151" type="stmt" count="0"/>
      <line num="153" type="stmt" count="8"/>
      <line num="154" type="stmt" count="0"/>
      <line num="157" type="stmt" count="8"/>
      <line num="159" type="stmt" count="8"/>
      <line num="160" type="stmt" count="8"/>
      <line num="161" type="stmt" count="8"/>
      <line num="162" type="stmt" count="8"/>
      <line num="163" type="stmt" count="8"/>
      <line num="164" type="stmt" count="8"/>
      <line num="184" type="method" name="createRetry" visibility="private" complexity="2" crap="2" count="8"/>
      <line num="186" type="stmt" count="8"/>
      <line num="187" type="stmt" count="1"/>
      <line num="188" type="stmt" count="1"/>
      <line num="189" type="stmt" count="1"/>
      <line num="190" type="stmt" count="1"/>
      <line num="191" type="stmt" count="1"/>
      <line num="192" type="stmt" count="1"/>
      <line num="193" type="stmt" count="1"/>
      <line num="194" type="stmt" count="1"/>
      <line num="195" type="stmt" count="1"/>
      <line num="196" type="stmt" count="1"/>
      <line num="197" type="stmt" count="1"/>
      <line num="198" type="stmt" count="1"/>
      <line num="201" type="stmt" count="7"/>
      <metrics loc="204" ncloc="97" classes="1" methods="4" coveredmethods="2" conditionals="0" coveredconditionals="0" statements="42" coveredstatements="39" elements="46" coveredelements="41"/>
    </file>
    <file name="/Users/piotr.halas/work/the-consoomer/src/CircuitBreaker.php">
      <class name="CrazyGoat\TheConsoomer\CircuitBreaker" namespace="global">
        <metrics complexity="16" methods="7" coveredmethods="7" conditionals="0" coveredconditionals="0" statements="39" coveredstatements="39" elements="46" coveredelements="46"/>
      </class>
      <line num="37" type="method" name="__construct" visibility="public" complexity="2" crap="2" count="26"/>
      <line num="44" type="stmt" count="26"/>
      <line num="45" type="stmt" count="4"/>
      <line num="56" type="method" name="recordSuccess" visibility="public" complexity="3" crap="3" count="9"/>
      <line num="58" type="stmt" count="9"/>
      <line num="59" type="stmt" count="7"/>
      <line num="60" type="stmt" count="7"/>
      <line num="61" type="stmt" count="6"/>
      <line num="62" type="stmt" count="6"/>
      <line num="63" type="stmt" count="6"/>
      <line num="65" type="stmt" count="7"/>
      <line num="70" type="stmt" count="2"/>
      <line num="71" type="stmt" count="2"/>
      <line num="80" type="method" name="recordFailure" visibility="public" complexity="3" crap="3" count="19"/>
      <line num="82" type="stmt" count="19"/>
      <line num="83" type="stmt" count="19"/>
      <line num="85" type="stmt" count="19"/>
      <line num="86" type="stmt" count="3"/>
      <line num="87" type="stmt" count="3"/>
      <line num="88" type="stmt" count="19"/>
      <line num="89" type="stmt" count="17"/>
      <line num="101" type="method" name="isAvailable" visibility="public" complexity="4" crap="4" count="18"/>
      <line num="103" type="stmt" count="18"/>
      <line num="104" type="stmt" count="14"/>
      <line num="107" type="stmt" count="16"/>
      <line num="108" type="stmt" count="16"/>
      <line num="109" type="stmt" count="16"/>
      <line num="110" type="stmt" count="14"/>
      <line num="111" type="stmt" count="14"/>
      <line num="112" type="stmt" count="14"/>
      <line num="114" type="stmt" count="9"/>
      <line num="117" type="stmt" count="8"/>
      <line num="123" type="method" name="getState" visibility="public" complexity="1" crap="1" count="20"/>
      <line num="125" type="stmt" count="20"/>
      <line num="131" type="method" name="reset" visibility="public" complexity="1" crap="1" count="1"/>
      <line num="133" type="stmt" count="1"/>
      <line num="134" type="stmt" count="1"/>
      <line num="135" type="stmt" count="1"/>
      <line num="136" type="stmt" count="1"/>
      <line num="144" type="method" name="transitionTo" visibility="private" complexity="2" crap="2" count="17"/>
      <line num="146" type="stmt" count="17"/>
      <line num="147" type="stmt" count="17"/>
      <line num="148" type="stmt" count="17"/>
      <line num="149" type="stmt" count="17"/>
      <line num="150" type="stmt" count="17"/>
      <line num="151" type="stmt" count="17"/>
      <metrics loc="155" ncloc="101" classes="1" methods="7" coveredmethods="7" conditionals="0" coveredconditionals="0" statements="39" coveredstatements="39" elements="46" coveredelements="46"/>
    </file>
    <file name="/Users/piotr.halas/work/the-consoomer/src/CircuitState.php">
      <metrics loc="20" ncloc="13" classes="0" methods="0" coveredmethods="0" conditionals="0" coveredconditionals="0" statements="0" coveredstatements="0" elements="0" coveredelements="0"/>
    </file>
    <file name="/Users/piotr.halas/work/the-consoomer/src/Clock/SystemClock.php">
      <class name="CrazyGoat\TheConsoomer\Clock\SystemClock" namespace="global">
        <metrics complexity="2" methods="2" coveredmethods="1" conditionals="0" coveredconditionals="0" statements="2" coveredstatements="1" elements="4" coveredelements="2"/>
      </class>
      <line num="20" type="method" name="now" visibility="public" complexity="1" crap="2" count="0"/>
      <line num="22" type="stmt" count="0"/>
      <line num="28" type="method" name="monotonic" visibility="public" complexity="1" crap="1" count="4"/>
      <line num="30" type="stmt" count="4"/>
      <metrics loc="33" ncloc="21" classes="1" methods="2" coveredmethods="1" conditionals="0" coveredconditionals="0" statements="2" coveredstatements="1" elements="4" coveredelements="2"/>
    </file>
    <file name="/Users/piotr.halas/work/the-consoomer/src/ClockInterface.php">
      <metrics loc="26" ncloc="13" classes="0" methods="0" coveredmethods="0" conditionals="0" coveredconditionals="0" statements="0" coveredstatements="0" elements="0" coveredelements="0"/>
    </file>
    <file name="/Users/piotr.halas/work/the-consoomer/src/Compatibility/CloseableTransportPolyfill.php">
      <line num="5" type="stmt" count="0"/>
      <line num="6" type="stmt" count="0"/>
      <metrics loc="8" ncloc="8" classes="0" methods="0" coveredmethods="0" conditionals="0" coveredconditionals="0" statements="2" coveredstatements="0" elements="2" coveredelements="0"/>
    </file>
    <file name="/Users/piotr.halas/work/the-consoomer/src/Compatibility/stub/CloseableTransportInterface.php">
      <metrics loc="11" ncloc="11" classes="0" methods="0" coveredmethods="0" conditionals="0" coveredconditionals="0" statements="0" coveredstatements="0" elements="0" coveredelements="0"/>
    </file>
    <file name="/Users/piotr.halas/work/the-consoomer/src/Connection.php">
      <class name="CrazyGoat\TheConsoomer\Connection" namespace="global">
        <metrics complexity="26" methods="12" coveredmethods="10" conditionals="0" coveredconditionals="0" statements="62" coveredstatements="60" elements="74" coveredelements="70"/>
      </class>
      <line num="28" type="method" name="__construct" visibility="public" complexity="1" crap="1" count="40"/>
      <line num="34" type="stmt" count="40"/>
      <line num="42" type="method" name="setHeartbeat" visibility="public" complexity="1" crap="1" count="5"/>
      <line num="44" type="stmt" count="5"/>
      <line num="45" type="stmt" count="5"/>
      <line num="53" type="method" name="setLogger" visibility="public" complexity="1" crap="2" count="0"/>
      <line num="55" type="stmt" count="0"/>
      <line num="69" type="method" name="ensureConnected" visibility="public" complexity="5" crap="5.01" count="11"/>
      <line num="71" type="stmt" count="11"/>
      <line num="72" type="stmt" count="0"/>
      <line num="75" type="stmt" count="11"/>
      <line num="76" type="stmt" count="9"/>
      <line num="79" type="stmt" count="3"/>
      <line num="80" type="stmt" count="3"/>
      <line num="81" type="stmt" count="1"/>
      <line num="83" type="stmt" count="2"/>
      <line num="85" type="stmt" count="3"/>
      <line num="86" type="stmt" count="3"/>
      <line num="88" type="stmt" count="3"/>
      <line num="89" type="stmt" count="1"/>
      <line num="91" type="stmt" count="2"/>
      <line num="100" type="method" name="getChannel" visibility="public" complexity="3" crap="3" count="11"/>
      <line num="102" type="stmt" count="11"/>
      <line num="104" type="stmt" count="11"/>
      <line num="105" type="stmt" count="11"/>
      <line num="108" type="stmt" count="11"/>
      <line num="114" type="method" name="clearChannelCache" visibility="public" complexity="1" crap="1" count="1"/>
      <line num="116" type="stmt" count="1"/>
      <line num="117" type="stmt" count="1"/>
      <line num="123" type="method" name="getConnection" visibility="public" complexity="1" crap="1" count="1"/>
      <line num="125" type="stmt" count="1"/>
      <line num="133" type="method" name="checkHeartbeat" visibility="public" complexity="2" crap="2" count="5"/>
      <line num="135" type="stmt" count="5"/>
      <line num="136" type="stmt" count="1"/>
      <line num="139" type="stmt" count="4"/>
      <line num="140" type="stmt" count="4"/>
      <line num="141" type="stmt" count="4"/>
      <line num="143" type="stmt" count="4"/>
      <line num="144" type="stmt" count="4"/>
      <line num="145" type="stmt" count="4"/>
      <line num="146" type="stmt" count="4"/>
      <line num="147" type="stmt" count="4"/>
      <line num="149" type="stmt" count="4"/>
      <line num="157" type="method" name="reconnect" visibility="public" complexity="5" crap="5" count="10"/>
      <line num="159" type="stmt" count="10"/>
      <line num="162" type="stmt" count="10"/>
      <line num="163" type="stmt" count="3"/>
      <line num="164" type="stmt" count="1"/>
      <line num="165" type="stmt" count="1"/>
      <line num="167" type="stmt" count="2"/>
      <line num="169" type="stmt" count="7"/>
      <line num="170" type="stmt" count="4"/>
      <line num="172" type="stmt" count="3"/>
      <line num="174" type="stmt" count="6"/>
      <line num="175" type="stmt" count="6"/>
      <line num="176" type="stmt" count="4"/>
      <line num="177" type="stmt" count="4"/>
      <line num="178" type="stmt" count="4"/>
      <line num="182" type="stmt" count="6"/>
      <line num="188" type="method" name="updateActivity" visibility="public" complexity="1" crap="1" count="1"/>
      <line num="190" type="stmt" count="1"/>
      <line num="196" type="method" name="isConnected" visibility="public" complexity="1" crap="1" count="1"/>
      <line num="198" type="stmt" count="1"/>
      <line num="204" type="method" name="close" visibility="public" complexity="4" crap="4" count="10"/>
      <line num="206" type="stmt" count="10"/>
      <line num="207" type="stmt" count="10"/>
      <line num="209" type="stmt" count="10"/>
      <line num="211" type="stmt" count="8"/>
      <line num="212" type="stmt" count="3"/>
      <line num="214" type="stmt" count="5"/>
      <line num="216" type="stmt" count="6"/>
      <line num="217" type="stmt" count="2"/>
      <line num="218" type="stmt" count="2"/>
      <line num="219" type="stmt" count="2"/>
      <metrics loc="224" ncloc="161" classes="1" methods="12" coveredmethods="10" conditionals="0" coveredconditionals="0" statements="62" coveredstatements="60" elements="74" coveredelements="70"/>
    </file>
    <file name="/Users/piotr.halas/work/the-consoomer/src/ConnectionInterface.php">
      <metrics loc="87" ncloc="33" classes="0" methods="0" coveredmethods="0" conditionals="0" coveredconditionals="0" statements="0" coveredstatements="0" elements="0" coveredelements="0"/>
    </file>
    <file name="/Users/piotr.halas/work/the-consoomer/src/ConnectionRetry.php">
      <class name="CrazyGoat\TheConsoomer\ConnectionRetry" namespace="global">
        <metrics complexity="37" methods="9" coveredmethods="6" conditionals="0" coveredconditionals="0" statements="121" coveredstatements="113" elements="130" coveredelements="119"/>
      </class>
      <line num="43" type="method" name="isPermanentFailure" visibility="private" complexity="5" crap="5" count="39"/>
      <line num="45" type="stmt" count="39"/>
      <line num="46" type="stmt" count="10"/>
      <line num="49" type="stmt" count="31"/>
      <line num="50" type="stmt" count="28"/>
      <line num="53" type="stmt" count="3"/>
      <line num="72" type="method" name="__construct" visibility="public" complexity="3" crap="3" count="48"/>
      <line num="85" type="stmt" count="48"/>
      <line num="86" type="stmt" count="1"/>
      <line num="87" type="stmt" count="1"/>
      <line num="88" type="stmt" count="1"/>
      <line num="89" type="stmt" count="1"/>
      <line num="92" type="stmt" count="47"/>
      <line num="94" type="stmt" count="47"/>
      <line num="95" type="stmt" count="14"/>
      <line num="96" type="stmt" count="14"/>
      <line num="97" type="stmt" count="14"/>
      <line num="98" type="stmt" count="14"/>
      <line num="99" type="stmt" count="14"/>
      <line num="100" type="stmt" count="14"/>
      <line num="101" type="stmt" count="14"/>
      <line num="116" type="method" name="withRetry" visibility="public" complexity="16" crap="16.28" count="43"/>
      <line num="118" type="stmt" count="43"/>
      <line num="119" type="stmt" count="12"/>
      <line num="120" type="stmt" count="0"/>
      <line num="121" type="stmt" count="0"/>
      <line num="122" type="stmt" count="0"/>
      <line num="123" type="stmt" count="0"/>
      <line num="126" type="stmt" count="12"/>
      <line num="127" type="stmt" count="10"/>
      <line num="131" type="stmt" count="43"/>
      <line num="132" type="stmt" count="43"/>
      <line num="134" type="stmt" count="43"/>
      <line num="135" type="stmt" count="43"/>
      <line num="138" type="stmt" count="43"/>
      <line num="140" type="stmt" count="9"/>
      <line num="141" type="stmt" count="0"/>
      <line num="144" type="stmt" count="9"/>
      <line num="145" type="stmt" count="6"/>
      <line num="148" type="stmt" count="9"/>
      <line num="150" type="stmt" count="9"/>
      <line num="151" type="stmt" count="40"/>
      <line num="152" type="stmt" count="39"/>
      <line num="153" type="stmt" count="10"/>
      <line num="154" type="stmt" count="10"/>
      <line num="155" type="stmt" count="10"/>
      <line num="156" type="stmt" count="10"/>
      <line num="157" type="stmt" count="10"/>
      <line num="158" type="stmt" count="10"/>
      <line num="159" type="stmt" count="10"/>
      <line num="160" type="stmt" count="10"/>
      <line num="163" type="stmt" count="29"/>
      <line num="164" type="stmt" count="29"/>
      <line num="166" type="stmt" count="29"/>
      <line num="167" type="stmt" count="24"/>
      <line num="170" type="stmt" count="24"/>
      <line num="171" type="stmt" count="24"/>
      <line num="172" type="stmt" count="24"/>
      <line num="173" type="stmt" count="24"/>
      <line num="174" type="stmt" count="24"/>
      <line num="175" type="stmt" count="24"/>
      <line num="176" type="stmt" count="24"/>
      <line num="178" type="stmt" count="24"/>
      <line num="179" type="stmt" count="1"/>
      <line num="180" type="stmt" count="1"/>
      <line num="181" type="stmt" count="1"/>
      <line num="182" type="stmt" count="1"/>
      <line num="183" type="stmt" count="1"/>
      <line num="184" type="stmt" count="1"/>
      <line num="188" type="stmt" count="24"/>
      <line num="189" type="stmt" count="24"/>
      <line num="191" type="stmt" count="24"/>
      <line num="192" type="stmt" count="12"/>
      <line num="195" type="stmt" count="24"/>
      <line num="196" type="stmt" count="24"/>
      <line num="197" type="stmt" count="24"/>
      <line num="198" type="stmt" count="24"/>
      <line num="200" type="stmt" count="24"/>
      <line num="201" type="stmt" count="24"/>
      <line num="202" type="stmt" count="0"/>
      <line num="208" type="method" name="isCircuitOpen" visibility="public" complexity="2" crap="2.15" count="13"/>
      <line num="210" type="stmt" count="13"/>
      <line num="211" type="stmt" count="0"/>
      <line num="214" type="stmt" count="13"/>
      <line num="220" type="method" name="getState" visibility="public" complexity="2" crap="2.15" count="11"/>
      <line num="222" type="stmt" count="11"/>
      <line num="223" type="stmt" count="0"/>
      <line num="226" type="stmt" count="11"/>
      <line num="232" type="method" name="getMetrics" visibility="public" complexity="1" crap="1" count="11"/>
      <line num="234" type="stmt" count="11"/>
      <line num="240" type="method" name="reset" visibility="public" complexity="1" crap="1" count="1"/>
      <line num="242" type="stmt" count="1"/>
      <line num="243" type="stmt" count="1"/>
      <line num="259" type="method" name="executeHalfOpenProbe" visibility="private" complexity="4" crap="4" count="10"/>
      <line num="261" type="stmt" count="10"/>
      <line num="264" type="stmt" count="10"/>
      <line num="266" type="stmt" count="5"/>
      <line num="267" type="stmt" count="5"/>
      <line num="269" type="stmt" count="5"/>
      <line num="270" type="stmt" count="6"/>
      <line num="276" type="stmt" count="5"/>
      <line num="277" type="stmt" count="2"/>
      <line num="278" type="stmt" count="2"/>
      <line num="280" type="stmt" count="2"/>
      <line num="281" type="stmt" count="2"/>
      <line num="282" type="stmt" count="2"/>
      <line num="283" type="stmt" count="2"/>
      <line num="284" type="stmt" count="2"/>
      <line num="286" type="stmt" count="2"/>
      <line num="289" type="stmt" count="3"/>
      <line num="290" type="stmt" count="3"/>
      <line num="291" type="stmt" count="3"/>
      <line num="293" type="stmt" count="3"/>
      <line num="294" type="stmt" count="3"/>
      <line num="295" type="stmt" count="3"/>
      <line num="296" type="stmt" count="3"/>
      <line num="298" type="stmt" count="3"/>
      <line num="299" type="stmt" count="1"/>
      <line num="300" type="stmt" count="1"/>
      <line num="301" type="stmt" count="1"/>
      <line num="302" type="stmt" count="1"/>
      <line num="304" type="stmt" count="1"/>
      <line num="314" type="method" name="calculateDelay" visibility="private" complexity="3" crap="3" count="26"/>
      <line num="316" type="stmt" count="26"/>
      <line num="318" type="stmt" count="26"/>
      <line num="319" type="stmt" count="2"/>
      <line num="322" type="stmt" count="26"/>
      <line num="323" type="stmt" count="25"/>
      <line num="324" type="stmt" count="25"/>
      <line num="327" type="stmt" count="26"/>
      <metrics loc="330" ncloc="246" classes="1" methods="9" coveredmethods="6" conditionals="0" coveredconditionals="0" statements="121" coveredstatements="113" elements="130" coveredelements="119"/>
    </file>
    <file name="/Users/piotr.halas/work/the-consoomer/src/ConnectionRetryInterface.php">
      <metrics loc="44" ncloc="19" classes="0" methods="0" coveredmethods="0" conditionals="0" coveredconditionals="0" statements="0" coveredstatements="0" elements="0" coveredelements="0"/>
    </file>
    <file name="/Users/piotr.halas/work/the-consoomer/src/DsnParser.php">
      <class name="CrazyGoat\TheConsoomer\DsnParser" namespace="global">
        <metrics complexity="47" methods="8" coveredmethods="5" conditionals="0" coveredconditionals="0" statements="130" coveredstatements="124" elements="138" coveredelements="129"/>
      </class>
      <line num="72" type="method" name="parse" visibility="public" complexity="21" crap="21" count="73"/>
      <line num="75" type="stmt" count="73"/>
      <line num="77" type="stmt" count="73"/>
      <line num="78" type="stmt" count="73"/>
      <line num="84" type="stmt" count="4"/>
      <line num="86" type="stmt" count="69"/>
      <line num="87" type="stmt" count="69"/>
      <line num="89" type="stmt" count="69"/>
      <line num="91" type="stmt" count="68"/>
      <line num="92" type="stmt" count="68"/>
      <line num="93" type="stmt" count="68"/>
      <line num="94" type="stmt" count="68"/>
      <line num="95" type="stmt" count="68"/>
      <line num="96" type="stmt" count="68"/>
      <line num="97" type="stmt" count="68"/>
      <line num="98" type="stmt" count="68"/>
      <line num="100" type="stmt" count="68"/>
      <line num="101" type="stmt" count="68"/>
      <line num="102" type="stmt" count="68"/>
      <line num="103" type="stmt" count="10"/>
      <line num="104" type="stmt" count="10"/>
      <line num="105" type="stmt" count="9"/>
      <line num="107" type="stmt" count="58"/>
      <line num="111" type="stmt" count="2"/>
      <line num="112" type="stmt" count="2"/>
      <line num="113" type="stmt" count="2"/>
      <line num="114" type="stmt" count="2"/>
      <line num="115" type="stmt" count="2"/>
      <line num="116" type="stmt" count="2"/>
      <line num="117" type="stmt" count="2"/>
      <line num="121" type="stmt" count="68"/>
      <line num="122" type="stmt" count="46"/>
      <line num="123" type="stmt" count="0"/>
      <line num="132" type="stmt" count="46"/>
      <line num="133" type="stmt" count="6"/>
      <line num="134" type="stmt" count="6"/>
      <line num="135" type="stmt" count="6"/>
      <line num="136" type="stmt" count="6"/>
      <line num="137" type="stmt" count="6"/>
      <line num="138" type="stmt" count="6"/>
      <line num="147" type="stmt" count="40"/>
      <line num="148" type="stmt" count="2"/>
      <line num="149" type="stmt" count="2"/>
      <line num="150" type="stmt" count="2"/>
      <line num="151" type="stmt" count="2"/>
      <line num="160" type="stmt" count="39"/>
      <line num="161" type="stmt" count="4"/>
      <line num="162" type="stmt" count="4"/>
      <line num="163" type="stmt" count="3"/>
      <line num="164" type="stmt" count="3"/>
      <line num="165" type="stmt" count="3"/>
      <line num="166" type="stmt" count="3"/>
      <line num="169" type="stmt" count="1"/>
      <line num="171" type="stmt" count="35"/>
      <line num="174" type="stmt" count="57"/>
      <line num="175" type="stmt" count="1"/>
      <line num="178" type="stmt" count="57"/>
      <line num="179" type="stmt" count="1"/>
      <line num="181" type="stmt" count="56"/>
      <line num="182" type="stmt" count="56"/>
      <line num="183" type="stmt" count="34"/>
      <line num="184" type="stmt" count="0"/>
      <line num="187" type="stmt" count="56"/>
      <line num="188" type="stmt" count="0"/>
      <line num="192" type="stmt" count="57"/>
      <line num="202" type="method" name="redactCredentials" visibility="private" complexity="1" crap="1" count="4"/>
      <line num="204" type="stmt" count="4"/>
      <line num="238" type="method" name="validateParsedOptions" visibility="private" complexity="4" crap="4" count="62"/>
      <line num="240" type="stmt" count="62"/>
      <line num="241" type="stmt" count="3"/>
      <line num="244" type="stmt" count="59"/>
      <line num="245" type="stmt" count="4"/>
      <line num="246" type="stmt" count="4"/>
      <line num="247" type="stmt" count="4"/>
      <line num="248" type="stmt" count="4"/>
      <line num="249" type="stmt" count="4"/>
      <line num="250" type="stmt" count="2"/>
      <line num="251" type="stmt" count="2"/>
      <line num="252" type="stmt" count="2"/>
      <line num="253" type="stmt" count="2"/>
      <line num="254" type="stmt" count="2"/>
      <line num="255" type="stmt" count="2"/>
      <line num="256" type="stmt" count="2"/>
      <line num="260" type="stmt" count="57"/>
      <line num="276" type="method" name="parsePath" visibility="private" complexity="5" crap="5.00" count="69"/>
      <line num="278" type="stmt" count="69"/>
      <line num="280" type="stmt" count="69"/>
      <line num="281" type="stmt" count="0"/>
      <line num="284" type="stmt" count="69"/>
      <line num="287" type="stmt" count="69"/>
      <line num="288" type="stmt" count="69"/>
      <line num="293" type="stmt" count="69"/>
      <line num="294" type="stmt" count="1"/>
      <line num="295" type="stmt" count="1"/>
      <line num="296" type="stmt" count="1"/>
      <line num="297" type="stmt" count="1"/>
      <line num="300" type="stmt" count="68"/>
      <line num="301" type="stmt" count="68"/>
      <line num="304" type="stmt" count="68"/>
      <line num="305" type="stmt" count="4"/>
      <line num="308" type="stmt" count="68"/>
      <line num="309" type="stmt" count="68"/>
      <line num="310" type="stmt" count="68"/>
      <line num="311" type="stmt" count="68"/>
      <line num="322" type="method" name="normalizeValue" visibility="private" complexity="6" crap="6" count="39"/>
      <line num="324" type="stmt" count="39"/>
      <line num="325" type="stmt" count="21"/>
      <line num="326" type="stmt" count="21"/>
      <line num="327" type="stmt" count="4"/>
      <line num="329" type="stmt" count="17"/>
      <line num="332" type="stmt" count="28"/>
      <line num="333" type="stmt" count="2"/>
      <line num="335" type="stmt" count="26"/>
      <line num="336" type="stmt" count="5"/>
      <line num="339" type="stmt" count="21"/>
      <line num="346" type="method" name="normalizeQueuesFromDsn" visibility="private" complexity="6" crap="6.84" count="1"/>
      <line num="348" type="stmt" count="1"/>
      <line num="349" type="stmt" count="1"/>
      <line num="350" type="stmt" count="1"/>
      <line num="351" type="stmt" count="1"/>
      <line num="352" type="stmt" count="0"/>
      <line num="353" type="stmt" count="0"/>
      <line num="356" type="stmt" count="1"/>
      <line num="365" type="method" name="normalizeQueueArguments" visibility="private" complexity="2" crap="2" count="1"/>
      <line num="367" type="stmt" count="1"/>
      <line num="368" type="stmt" count="1"/>
      <line num="369" type="stmt" count="1"/>
      <line num="371" type="stmt" count="1"/>
      <line num="392" type="method" name="validateOptions" visibility="public" complexity="2" crap="2" count="5"/>
      <line num="394" type="stmt" count="5"/>
      <line num="395" type="stmt" count="5"/>
      <line num="396" type="stmt" count="5"/>
      <line num="397" type="stmt" count="5"/>
      <line num="398" type="stmt" count="5"/>
      <line num="400" type="stmt" count="5"/>
      <line num="401" type="stmt" count="3"/>
      <line num="402" type="stmt" count="2"/>
      <line num="403" type="stmt" count="2"/>
      <metrics loc="407" ncloc="226" classes="1" methods="8" coveredmethods="5" conditionals="0" coveredconditionals="0" statements="130" coveredstatements="124" elements="138" coveredelements="129"/>
    </file>
    <file name="/Users/piotr.halas/work/the-consoomer/src/Enum/ExchangeType.php">
      <metrics loc="22" ncloc="14" classes="0" methods="0" coveredmethods="0" conditionals="0" coveredconditionals="0" statements="0" coveredstatements="0" elements="0" coveredelements="0"/>
    </file>
    <file name="/Users/piotr.halas/work/the-consoomer/src/Exception/CircuitBreakerOpenException.php">
      <class name="CrazyGoat\TheConsoomer\Exception\CircuitBreakerOpenException" namespace="global">
        <metrics complexity="0" methods="0" coveredmethods="0" conditionals="0" coveredconditionals="0" statements="0" coveredstatements="0" elements="0" coveredelements="0"/>
      </class>
      <metrics loc="13" ncloc="10" classes="0" methods="0" coveredmethods="0" conditionals="0" coveredconditionals="0" statements="0" coveredstatements="0" elements="0" coveredelements="0"/>
    </file>
    <file name="/Users/piotr.halas/work/the-consoomer/src/Exception/MissingStampException.php">
      <class name="CrazyGoat\TheConsoomer\Exception\MissingStampException" namespace="global">
        <metrics complexity="1" methods="1" coveredmethods="1" conditionals="0" coveredconditionals="0" statements="1" coveredstatements="1" elements="2" coveredelements="2"/>
      </class>
      <line num="17" type="method" name="__construct" visibility="public" complexity="1" crap="1" count="2"/>
      <line num="22" type="stmt" count="2"/>
      <metrics loc="25" ncloc="17" classes="1" methods="1" coveredmethods="1" conditionals="0" coveredconditionals="0" statements="1" coveredstatements="1" elements="2" coveredelements="2"/>
    </file>
    <file name="/Users/piotr.halas/work/the-consoomer/src/Exception/RetryExhaustedException.php">
      <class name="CrazyGoat\TheConsoomer\Exception\RetryExhaustedException" namespace="global">
        <metrics complexity="2" methods="2" coveredmethods="2" conditionals="0" coveredconditionals="0" statements="2" coveredstatements="2" elements="4" coveredelements="4"/>
      </class>
      <line num="17" type="method" name="__construct" visibility="public" complexity="1" crap="1" count="24"/>
      <line num="22" type="stmt" count="24"/>
      <line num="30" type="method" name="fromPrevious" visibility="public" complexity="1" crap="1" count="24"/>
      <line num="32" type="stmt" count="24"/>
      <metrics loc="35" ncloc="22" classes="1" methods="2" coveredmethods="2" conditionals="0" coveredconditionals="0" statements="2" coveredstatements="2" elements="4" coveredelements="4"/>
    </file>
    <file name="/Users/piotr.halas/work/the-consoomer/src/Exception/UnexpectedOperationException.php">
      <class name="CrazyGoat\TheConsoomer\Exception\UnexpectedOperationException" namespace="global">
        <metrics complexity="1" methods="1" coveredmethods="1" conditionals="0" coveredconditionals="0" statements="1" coveredstatements="1" elements="2" coveredelements="2"/>
      </class>
      <line num="17" type="method" name="fromPrevious" visibility="public" complexity="1" crap="1" count="2"/>
      <line num="19" type="stmt" count="2"/>
      <metrics loc="22" ncloc="14" classes="1" methods="1" coveredmethods="1" conditionals="0" coveredconditionals="0" statements="1" coveredstatements="1" elements="2" coveredelements="2"/>
    </file>
    <file name="/Users/piotr.halas/work/the-consoomer/src/InfrastructureSetup.php">
      <class name="CrazyGoat\TheConsoomer\InfrastructureSetup" namespace="global">
        <metrics complexity="72" methods="15" coveredmethods="13" conditionals="0" coveredconditionals="0" statements="135" coveredstatements="133" elements="150" coveredelements="146"/>
      </class>
      <line num="39" type="method" name="__construct" visibility="public" complexity="13" crap="13.02" count="72"/>
      <line num="44" type="stmt" count="72"/>
      <line num="45" type="stmt" count="0"/>
      <line num="48" type="stmt" count="72"/>
      <line num="49" type="stmt" count="1"/>
      <line num="52" type="stmt" count="71"/>
      <line num="53" type="stmt" count="17"/>
      <line num="56" type="stmt" count="63"/>
      <line num="57" type="stmt" count="11"/>
      <line num="60" type="stmt" count="56"/>
      <line num="61" type="stmt" count="5"/>
      <line num="64" type="stmt" count="53"/>
      <line num="65" type="stmt" count="1"/>
      <line num="68" type="stmt" count="52"/>
      <line num="69" type="stmt" count="52"/>
      <line num="70" type="stmt" count="5"/>
      <line num="71" type="stmt" count="5"/>
      <line num="72" type="stmt" count="5"/>
      <line num="73" type="stmt" count="5"/>
      <line num="74" type="stmt" count="5"/>
      <line num="85" type="method" name="setup" visibility="public" complexity="5" crap="5.02" count="32"/>
      <line num="87" type="stmt" count="32"/>
      <line num="88" type="stmt" count="2"/>
      <line num="91" type="stmt" count="32"/>
      <line num="92" type="stmt" count="32"/>
      <line num="93" type="stmt" count="0"/>
      <line num="94" type="stmt" count="32"/>
      <line num="95" type="stmt" count="32"/>
      <line num="97" type="stmt" count="32"/>
      <line num="98" type="stmt" count="32"/>
      <line num="99" type="stmt" count="32"/>
      <line num="100" type="stmt" count="32"/>
      <line num="107" type="method" name="setupExchange" visibility="public" complexity="2" crap="2" count="4"/>
      <line num="109" type="stmt" count="4"/>
      <line num="110" type="stmt" count="2"/>
      <line num="113" type="stmt" count="3"/>
      <line num="114" type="stmt" count="3"/>
      <line num="120" type="method" name="setupQueues" visibility="public" complexity="3" crap="3" count="3"/>
      <line num="122" type="stmt" count="3"/>
      <line num="123" type="stmt" count="1"/>
      <line num="126" type="stmt" count="2"/>
      <line num="127" type="stmt" count="2"/>
      <line num="128" type="stmt" count="1"/>
      <line num="129" type="stmt" count="1"/>
      <line num="130" type="stmt" count="2"/>
      <line num="132" type="stmt" count="2"/>
      <line num="133" type="stmt" count="2"/>
      <line num="134" type="stmt" count="2"/>
      <line num="137" type="method" name="resetSetup" visibility="public" complexity="1" crap="1" count="3"/>
      <line num="139" type="stmt" count="3"/>
      <line num="140" type="stmt" count="3"/>
      <line num="146" type="method" name="createExchange" visibility="private" complexity="1" crap="1" count="36"/>
      <line num="148" type="stmt" count="36"/>
      <line num="149" type="stmt" count="36"/>
      <line num="150" type="stmt" count="36"/>
      <line num="151" type="stmt" count="36"/>
      <line num="152" type="stmt" count="35"/>
      <line num="153" type="stmt" count="34"/>
      <line num="154" type="stmt" count="36"/>
      <line num="155" type="stmt" count="36"/>
      <line num="156" type="stmt" count="36"/>
      <line num="158" type="stmt" count="36"/>
      <line num="164" type="method" name="declareExchange" visibility="private" complexity="1" crap="1" count="36"/>
      <line num="166" type="stmt" count="36"/>
      <line num="167" type="stmt" count="36"/>
      <line num="169" type="stmt" count="36"/>
      <line num="179" type="method" name="declareQueues" visibility="private" complexity="2" crap="2" count="34"/>
      <line num="181" type="stmt" count="34"/>
      <line num="182" type="stmt" count="9"/>
      <line num="184" type="stmt" count="25"/>
      <line num="188" type="method" name="setupSingleQueue" visibility="private" complexity="3" crap="3" count="25"/>
      <line num="190" type="stmt" count="25"/>
      <line num="191" type="stmt" count="25"/>
      <line num="192" type="stmt" count="25"/>
      <line num="193" type="stmt" count="25"/>
      <line num="194" type="stmt" count="1"/>
      <line num="196" type="stmt" count="25"/>
      <line num="198" type="stmt" count="25"/>
      <line num="199" type="stmt" count="25"/>
      <line num="200" type="stmt" count="25"/>
      <line num="201" type="stmt" count="25"/>
      <line num="205" type="method" name="setupMultipleQueues" visibility="private" complexity="4" crap="4" count="9"/>
      <line num="207" type="stmt" count="9"/>
      <line num="208" type="stmt" count="9"/>
      <line num="209" type="stmt" count="9"/>
      <line num="210" type="stmt" count="9"/>
      <line num="212" type="stmt" count="9"/>
      <line num="213" type="stmt" count="9"/>
      <line num="214" type="stmt" count="3"/>
      <line num="216" type="stmt" count="9"/>
      <line num="218" type="stmt" count="9"/>
      <line num="219" type="stmt" count="9"/>
      <line num="220" type="stmt" count="9"/>
      <line num="221" type="stmt" count="9"/>
      <line num="229" type="method" name="validateQueues" visibility="private" complexity="15" crap="15" count="17"/>
      <line num="231" type="stmt" count="17"/>
      <line num="232" type="stmt" count="1"/>
      <line num="235" type="stmt" count="16"/>
      <line num="236" type="stmt" count="1"/>
      <line num="239" type="stmt" count="15"/>
      <line num="240" type="stmt" count="15"/>
      <line num="241" type="stmt" count="1"/>
      <line num="244" type="stmt" count="14"/>
      <line num="245" type="stmt" count="1"/>
      <line num="248" type="stmt" count="13"/>
      <line num="249" type="stmt" count="5"/>
      <line num="250" type="stmt" count="1"/>
      <line num="253" type="stmt" count="4"/>
      <line num="254" type="stmt" count="4"/>
      <line num="255" type="stmt" count="1"/>
      <line num="260" type="stmt" count="11"/>
      <line num="261" type="stmt" count="1"/>
      <line num="264" type="stmt" count="10"/>
      <line num="265" type="stmt" count="1"/>
      <line num="270" type="method" name="setupExchangeBindings" visibility="private" complexity="3" crap="3" count="34"/>
      <line num="272" type="stmt" count="34"/>
      <line num="274" type="stmt" count="34"/>
      <line num="275" type="stmt" count="4"/>
      <line num="276" type="stmt" count="4"/>
      <line num="278" type="stmt" count="4"/>
      <line num="279" type="stmt" count="4"/>
      <line num="284" type="method" name="resolveFlags" visibility="private" complexity="2" crap="2" count="36"/>
      <line num="286" type="stmt" count="36"/>
      <line num="287" type="stmt" count="36"/>
      <line num="288" type="stmt" count="33"/>
      <line num="290" type="stmt" count="36"/>
      <line num="295" type="method" name="validateBindingKeys" visibility="private" complexity="5" crap="5" count="5"/>
      <line num="297" type="stmt" count="5"/>
      <line num="298" type="stmt" count="1"/>
      <line num="301" type="stmt" count="4"/>
      <line num="302" type="stmt" count="1"/>
      <line num="305" type="stmt" count="3"/>
      <line num="306" type="stmt" count="3"/>
      <line num="307" type="stmt" count="1"/>
      <line num="315" type="method" name="validateExchangeBindings" visibility="private" complexity="12" crap="12" count="11"/>
      <line num="317" type="stmt" count="11"/>
      <line num="318" type="stmt" count="1"/>
      <line num="321" type="stmt" count="10"/>
      <line num="322" type="stmt" count="10"/>
      <line num="323" type="stmt" count="1"/>
      <line num="326" type="stmt" count="9"/>
      <line num="327" type="stmt" count="2"/>
      <line num="330" type="stmt" count="7"/>
      <line num="331" type="stmt" count="6"/>
      <line num="332" type="stmt" count="1"/>
      <line num="335" type="stmt" count="5"/>
      <line num="336" type="stmt" count="1"/>
      <line num="339" type="stmt" count="4"/>
      <line num="340" type="stmt" count="4"/>
      <line num="341" type="stmt" count="1"/>
      <metrics loc="348" ncloc="292" classes="1" methods="15" coveredmethods="13" conditionals="0" coveredconditionals="0" statements="135" coveredstatements="133" elements="150" coveredelements="146"/>
    </file>
    <file name="/Users/piotr.halas/work/the-consoomer/src/InfrastructureSetupInterface.php">
      <metrics loc="54" ncloc="17" classes="0" methods="0" coveredmethods="0" conditionals="0" coveredconditionals="0" statements="0" coveredstatements="0" elements="0" coveredelements="0"/>
    </file>
    <file name="/Users/piotr.halas/work/the-consoomer/src/Receiver.php">
      <class name="CrazyGoat\TheConsoomer\Receiver" namespace="global">
        <metrics complexity="81" methods="20" coveredmethods="16" conditionals="0" coveredconditionals="0" statements="221" coveredstatements="217" elements="241" coveredelements="233"/>
      </class>
      <line num="85" type="method" name="__construct" visibility="public" complexity="2" crap="2" count="104"/>
      <line num="93" type="stmt" count="104"/>
      <line num="94" type="stmt" count="104"/>
      <line num="96" type="stmt" count="104"/>
      <line num="102" type="stmt" count="104"/>
      <line num="103" type="stmt" count="104"/>
      <line num="104" type="stmt" count="2"/>
      <line num="106" type="stmt" count="102"/>
      <line num="122" type="method" name="getQueueNames" visibility="private" complexity="4" crap="4" count="47"/>
      <line num="124" type="stmt" count="47"/>
      <line num="125" type="stmt" count="10"/>
      <line num="128" type="stmt" count="37"/>
      <line num="129" type="stmt" count="37"/>
      <line num="130" type="stmt" count="36"/>
      <line num="133" type="stmt" count="1"/>
      <line num="147" type="method" name="ensureConnected" visibility="private" complexity="3" crap="3" count="83"/>
      <line num="149" type="stmt" count="83"/>
      <line num="150" type="stmt" count="77"/>
      <line num="153" type="stmt" count="6"/>
      <line num="154" type="stmt" count="6"/>
      <line num="155" type="stmt" count="3"/>
      <line num="157" type="stmt" count="6"/>
      <line num="158" type="stmt" count="6"/>
      <line num="159" type="stmt" count="6"/>
      <line num="160" type="stmt" count="6"/>
      <line num="164" type="stmt" count="6"/>
      <line num="166" type="stmt" count="6"/>
      <line num="169" type="method" name="connect" visibility="private" complexity="5" crap="5" count="38"/>
      <line num="171" type="stmt" count="38"/>
      <line num="172" type="stmt" count="35"/>
      <line num="175" type="stmt" count="3"/>
      <line num="176" type="stmt" count="3"/>
      <line num="178" type="stmt" count="3"/>
      <line num="179" type="stmt" count="3"/>
      <line num="180" type="stmt" count="3"/>
      <line num="181" type="stmt" count="3"/>
      <line num="182" type="stmt" count="3"/>
      <line num="184" type="stmt" count="3"/>
      <line num="185" type="stmt" count="3"/>
      <line num="186" type="stmt" count="3"/>
      <line num="199" type="method" name="resolveQueueName" visibility="private" complexity="4" crap="4" count="22"/>
      <line num="201" type="stmt" count="22"/>
      <line num="202" type="stmt" count="22"/>
      <line num="203" type="stmt" count="1"/>
      <line num="206" type="stmt" count="21"/>
      <line num="215" type="method" name="shrinkReadTimeout" visibility="private" complexity="2" crap="2" count="6"/>
      <line num="217" type="stmt" count="6"/>
      <line num="218" type="stmt" count="6"/>
      <line num="219" type="stmt" count="6"/>
      <line num="220" type="stmt" count="6"/>
      <line num="221" type="stmt" count="6"/>
      <line num="223" type="stmt" count="6"/>
      <line num="226" type="method" name="restoreReadTimeout" visibility="private" complexity="1" crap="1" count="6"/>
      <line num="228" type="stmt" count="6"/>
      <line num="231" type="method" name="get" visibility="public" complexity="18" crap="18" count="38"/>
      <line num="233" type="stmt" count="38"/>
      <line num="234" type="stmt" count="38"/>
      <line num="235" type="stmt" count="38"/>
      <line num="236" type="stmt" count="38"/>
      <line num="238" type="stmt" count="38"/>
      <line num="243" type="stmt" count="38"/>
      <line num="244" type="stmt" count="38"/>
      <line num="245" type="stmt" count="38"/>
      <line num="246" type="stmt" count="38"/>
      <line num="247" type="stmt" count="38"/>
      <line num="248" type="stmt" count="38"/>
      <line num="250" type="stmt" count="38"/>
      <line num="252" type="stmt" count="38"/>
      <line num="253" type="stmt" count="38"/>
      <line num="254" type="stmt" count="38"/>
      <line num="255" type="stmt" count="2"/>
      <line num="262" type="stmt" count="38"/>
      <line num="263" type="stmt" count="38"/>
      <line num="264" type="stmt" count="6"/>
      <line num="266" type="stmt" count="38"/>
      <line num="272" type="stmt" count="38"/>
      <line num="273" type="stmt" count="38"/>
      <line num="277" type="stmt" count="22"/>
      <line num="278" type="stmt" count="22"/>
      <line num="280" type="stmt" count="22"/>
      <line num="287" type="stmt" count="22"/>
      <line num="288" type="stmt" count="3"/>
      <line num="289" type="stmt" count="3"/>
      <line num="291" type="stmt" count="3"/>
      <line num="292" type="stmt" count="3"/>
      <line num="295" type="stmt" count="20"/>
      <line num="296" type="stmt" count="20"/>
      <line num="297" type="stmt" count="20"/>
      <line num="298" type="stmt" count="20"/>
      <line num="299" type="stmt" count="5"/>
      <line num="301" type="stmt" count="5"/>
      <line num="302" type="stmt" count="2"/>
      <line num="307" type="stmt" count="2"/>
      <line num="313" type="stmt" count="3"/>
      <line num="315" type="stmt" count="3"/>
      <line num="316" type="stmt" count="3"/>
      <line num="319" type="stmt" count="16"/>
      <line num="320" type="stmt" count="16"/>
      <line num="321" type="stmt" count="16"/>
      <line num="322" type="stmt" count="16"/>
      <line num="323" type="stmt" count="16"/>
      <line num="328" type="stmt" count="16"/>
      <line num="330" type="stmt" count="16"/>
      <line num="331" type="stmt" count="16"/>
      <line num="332" type="stmt" count="38"/>
      <line num="335" type="stmt" count="38"/>
      <line num="336" type="stmt" count="19"/>
      <line num="342" type="stmt" count="11"/>
      <line num="347" type="stmt" count="9"/>
      <line num="348" type="stmt" count="0"/>
      <line num="355" type="stmt" count="9"/>
      <line num="356" type="stmt" count="1"/>
      <line num="358" type="stmt" count="9"/>
      <line num="359" type="stmt" count="9"/>
      <line num="360" type="stmt" count="9"/>
      <line num="361" type="stmt" count="9"/>
      <line num="362" type="stmt" count="9"/>
      <line num="366" type="stmt" count="9"/>
      <line num="368" type="stmt" count="38"/>
      <line num="369" type="stmt" count="38"/>
      <line num="374" type="stmt" count="36"/>
      <line num="376" type="stmt" count="36"/>
      <line num="388" type="method" name="ack" visibility="public" complexity="5" crap="5.01" count="19"/>
      <line num="390" type="stmt" count="19"/>
      <line num="394" type="stmt" count="3"/>
      <line num="397" type="stmt" count="16"/>
      <line num="398" type="stmt" count="16"/>
      <line num="399" type="stmt" count="1"/>
      <line num="406" type="stmt" count="15"/>
      <line num="407" type="stmt" count="2"/>
      <line num="410" type="stmt" count="13"/>
      <line num="411" type="stmt" count="13"/>
      <line num="412" type="stmt" count="13"/>
      <line num="413" type="stmt" count="13"/>
      <line num="415" type="stmt" count="13"/>
      <line num="416" type="stmt" count="0"/>
      <line num="418" type="stmt" count="13"/>
      <line num="431" type="method" name="reject" visibility="public" complexity="5" crap="5.01" count="6"/>
      <line num="433" type="stmt" count="6"/>
      <line num="437" type="stmt" count="1"/>
      <line num="440" type="stmt" count="5"/>
      <line num="441" type="stmt" count="5"/>
      <line num="442" type="stmt" count="1"/>
      <line num="449" type="stmt" count="4"/>
      <line num="450" type="stmt" count="1"/>
      <line num="453" type="stmt" count="3"/>
      <line num="454" type="stmt" count="3"/>
      <line num="455" type="stmt" count="2"/>
      <line num="456" type="stmt" count="3"/>
      <line num="458" type="stmt" count="3"/>
      <line num="459" type="stmt" count="0"/>
      <line num="461" type="stmt" count="3"/>
      <line num="471" type="method" name="rejectPoisonMessage" visibility="private" complexity="2" crap="2" count="8"/>
      <line num="473" type="stmt" count="8"/>
      <line num="474" type="stmt" count="8"/>
      <line num="475" type="stmt" count="6"/>
      <line num="476" type="stmt" count="8"/>
      <line num="478" type="stmt" count="8"/>
      <line num="479" type="stmt" count="1"/>
      <line num="481" type="stmt" count="7"/>
      <line num="485" type="method" name="rejectMessage" visibility="private" complexity="2" crap="2" count="3"/>
      <line num="487" type="stmt" count="3"/>
      <line num="488" type="stmt" count="3"/>
      <line num="489" type="stmt" count="1"/>
      <line num="492" type="stmt" count="2"/>
      <line num="494" type="stmt" count="2"/>
      <line num="497" type="method" name="ackPending" visibility="public" complexity="3" crap="3" count="22"/>
      <line num="499" type="stmt" count="22"/>
      <line num="500" type="stmt" count="8"/>
      <line num="502" type="stmt" count="14"/>
      <line num="503" type="stmt" count="5"/>
      <line num="508" type="method" name="ackPendingForQueue" visibility="private" complexity="6" crap="6" count="13"/>
      <line num="510" type="stmt" count="13"/>
      <line num="511" type="stmt" count="2"/>
      <line num="517" type="stmt" count="11"/>
      <line num="518" type="stmt" count="1"/>
      <line num="519" type="stmt" count="1"/>
      <line num="521" type="stmt" count="1"/>
      <line num="524" type="stmt" count="10"/>
      <line num="525" type="stmt" count="10"/>
      <line num="527" type="stmt" count="10"/>
      <line num="533" type="stmt" count="3"/>
      <line num="534" type="stmt" count="3"/>
      <line num="540" type="stmt" count="7"/>
      <line num="543" type="stmt" count="10"/>
      <line num="544" type="stmt" count="10"/>
      <line num="547" type="method" name="ackMessage" visibility="private" complexity="3" crap="3" count="13"/>
      <line num="555" type="stmt" count="13"/>
      <line num="556" type="stmt" count="1"/>
      <line num="559" type="stmt" count="12"/>
      <line num="560" type="stmt" count="12"/>
      <line num="561" type="stmt" count="12"/>
      <line num="563" type="stmt" count="12"/>
      <line num="564" type="stmt" count="6"/>
      <line num="575" type="method" name="isMultiQueue" visibility="private" complexity="1" crap="1" count="10"/>
      <line num="577" type="stmt" count="10"/>
      <line num="590" type="method" name="perQueueBudget" visibility="private" complexity="2" crap="2" count="20"/>
      <line num="592" type="stmt" count="20"/>
      <line num="594" type="stmt" count="20"/>
      <line num="597" type="method" name="close" visibility="public" complexity="1" crap="1" count="5"/>
      <line num="599" type="stmt" count="5"/>
      <line num="602" type="method" name="purgeQueue" visibility="public" complexity="8" crap="8.01" count="10"/>
      <line num="604" type="stmt" count="10"/>
      <line num="605" type="stmt" count="10"/>
      <line num="606" type="stmt" count="9"/>
      <line num="609" type="stmt" count="10"/>
      <line num="610" type="stmt" count="10"/>
      <line num="611" type="stmt" count="1"/>
      <line num="614" type="stmt" count="9"/>
      <line num="615" type="stmt" count="1"/>
      <line num="616" type="stmt" count="1"/>
      <line num="617" type="stmt" count="0"/>
      <line num="621" type="stmt" count="9"/>
      <line num="622" type="stmt" count="9"/>
      <line num="623" type="stmt" count="9"/>
      <line num="625" type="stmt" count="9"/>
      <line num="627" type="stmt" count="9"/>
      <line num="628" type="stmt" count="1"/>
      <line num="629" type="stmt" count="7"/>
      <line num="631" type="stmt" count="8"/>
      <line num="633" type="stmt" count="8"/>
      <line num="636" type="method" name="getMessageCount" visibility="public" complexity="4" crap="4" count="14"/>
      <line num="638" type="stmt" count="14"/>
      <line num="639" type="stmt" count="14"/>
      <line num="640" type="stmt" count="12"/>
      <line num="643" type="stmt" count="14"/>
      <line num="644" type="stmt" count="14"/>
      <line num="646" type="stmt" count="14"/>
      <line num="647" type="stmt" count="13"/>
      <line num="648" type="stmt" count="13"/>
      <line num="650" type="stmt" count="13"/>
      <line num="651" type="stmt" count="13"/>
      <line num="652" type="stmt" count="13"/>
      <line num="655" type="stmt" count="13"/>
      <line num="657" type="stmt" count="13"/>
      <line num="659" type="stmt" count="13"/>
      <line num="661" type="stmt" count="13"/>
      <line num="662" type="stmt" count="1"/>
      <line num="663" type="stmt" count="10"/>
      <line num="666" type="stmt" count="12"/>
      <line num="668" type="stmt" count="12"/>
      <metrics loc="671" ncloc="456" classes="1" methods="20" coveredmethods="16" conditionals="0" coveredconditionals="0" statements="221" coveredstatements="217" elements="241" coveredelements="233"/>
    </file>
    <file name="/Users/piotr.halas/work/the-consoomer/src/RetryMetrics.php">
      <class name="CrazyGoat\TheConsoomer\RetryMetrics" namespace="global">
        <metrics complexity="18" methods="16" coveredmethods="16" conditionals="0" coveredconditionals="0" statements="35" coveredstatements="35" elements="51" coveredelements="51"/>
      </class>
      <line num="26" type="method" name="recordAttempt" visibility="public" complexity="1" crap="1" count="51"/>
      <line num="28" type="stmt" count="51"/>
      <line num="34" type="method" name="recordSuccess" visibility="public" complexity="1" crap="1" count="11"/>
      <line num="36" type="stmt" count="11"/>
      <line num="42" type="method" name="recordFailure" visibility="public" complexity="1" crap="1" count="38"/>
      <line num="44" type="stmt" count="38"/>
      <line num="50" type="method" name="recordCircuitBreakerOpen" visibility="public" complexity="1" crap="1" count="2"/>
      <line num="52" type="stmt" count="2"/>
      <line num="62" type="method" name="recordSuccessfulOperation" visibility="public" complexity="1" crap="1" count="17"/>
      <line num="64" type="stmt" count="17"/>
      <line num="73" type="method" name="recordFailedOperation" visibility="public" complexity="1" crap="1" count="38"/>
      <line num="75" type="stmt" count="38"/>
      <line num="81" type="method" name="getTotalAttempts" visibility="public" complexity="1" crap="1" count="13"/>
      <line num="83" type="stmt" count="13"/>
      <line num="89" type="method" name="getSuccessfulRetries" visibility="public" complexity="1" crap="1" count="12"/>
      <line num="91" type="stmt" count="12"/>
      <line num="97" type="method" name="getFailedRetries" visibility="public" complexity="1" crap="1" count="13"/>
      <line num="99" type="stmt" count="13"/>
      <line num="105" type="method" name="getCircuitBreakerOpens" visibility="public" complexity="1" crap="1" count="3"/>
      <line num="107" type="stmt" count="3"/>
      <line num="113" type="method" name="getSuccessfulOperations" visibility="public" complexity="1" crap="1" count="6"/>
      <line num="115" type="stmt" count="6"/>
      <line num="121" type="method" name="getFailedOperations" visibility="public" complexity="1" crap="1" count="6"/>
      <line num="123" type="stmt" count="6"/>
      <line num="133" type="method" name="getOperationSuccessRate" visibility="public" complexity="2" crap="2" count="8"/>
      <line num="135" type="stmt" count="8"/>
      <line num="137" type="stmt" count="8"/>
      <line num="138" type="stmt" count="2"/>
      <line num="141" type="stmt" count="6"/>
      <line num="154" type="method" name="getRetrySuccessRate" visibility="public" complexity="2" crap="2" count="7"/>
      <line num="156" type="stmt" count="7"/>
      <line num="157" type="stmt" count="2"/>
      <line num="160" type="stmt" count="5"/>
      <line num="166" type="method" name="reset" visibility="public" complexity="1" crap="1" count="3"/>
      <line num="168" type="stmt" count="3"/>
      <line num="169" type="stmt" count="3"/>
      <line num="170" type="stmt" count="3"/>
      <line num="171" type="stmt" count="3"/>
      <line num="172" type="stmt" count="3"/>
      <line num="173" type="stmt" count="3"/>
      <line num="190" type="method" name="toArray" visibility="public" complexity="1" crap="1" count="2"/>
      <line num="192" type="stmt" count="2"/>
      <line num="193" type="stmt" count="2"/>
      <line num="194" type="stmt" count="2"/>
      <line num="195" type="stmt" count="2"/>
      <line num="196" type="stmt" count="2"/>
      <line num="197" type="stmt" count="2"/>
      <line num="198" type="stmt" count="2"/>
      <line num="199" type="stmt" count="2"/>
      <line num="200" type="stmt" count="2"/>
      <line num="201" type="stmt" count="2"/>
      <metrics loc="204" ncloc="120" classes="1" methods="16" coveredmethods="16" conditionals="0" coveredconditionals="0" statements="35" coveredstatements="35" elements="51" coveredelements="51"/>
    </file>
    <file name="/Users/piotr.halas/work/the-consoomer/src/Sender.php">
      <class name="CrazyGoat\TheConsoomer\Sender" namespace="global">
        <metrics complexity="35" methods="13" coveredmethods="13" conditionals="0" coveredconditionals="0" statements="142" coveredstatements="142" elements="155" coveredelements="155"/>
      </class>
      <line num="71" type="method" name="__construct" visibility="public" complexity="2" crap="2" count="54"/>
      <line num="79" type="stmt" count="54"/>
      <line num="80" type="stmt" count="54"/>
      <line num="81" type="stmt" count="2"/>
      <line num="83" type="stmt" count="52"/>
      <line num="84" type="stmt" count="52"/>
      <line num="86" type="stmt" count="52"/>
      <line num="87" type="stmt" count="51"/>
      <line num="88" type="stmt" count="52"/>
      <line num="89" type="stmt" count="50"/>
      <line num="96" type="method" name="connect" visibility="private" complexity="2" crap="2" count="44"/>
      <line num="98" type="stmt" count="44"/>
      <line num="99" type="stmt" count="42"/>
      <line num="102" type="stmt" count="6"/>
      <line num="103" type="stmt" count="6"/>
      <line num="116" type="method" name="ensureConnected" visibility="private" complexity="3" crap="3" count="44"/>
      <line num="118" type="stmt" count="44"/>
      <line num="119" type="stmt" count="3"/>
      <line num="120" type="stmt" count="3"/>
      <line num="121" type="stmt" count="1"/>
      <line num="123" type="stmt" count="3"/>
      <line num="124" type="stmt" count="3"/>
      <line num="125" type="stmt" count="3"/>
      <line num="126" type="stmt" count="3"/>
      <line num="127" type="stmt" count="3"/>
      <line num="142" type="method" name="confirmChannel" visibility="private" complexity="3" crap="3" count="39"/>
      <line num="144" type="stmt" count="39"/>
      <line num="145" type="stmt" count="34"/>
      <line num="148" type="stmt" count="5"/>
      <line num="149" type="stmt" count="5"/>
      <line num="150" type="stmt" count="5"/>
      <line num="151" type="stmt" count="5"/>
      <line num="154" type="stmt" count="5"/>
      <line num="162" type="method" name="getRoutingKeyForMessage" visibility="private" complexity="2" crap="2" count="44"/>
      <line num="164" type="stmt" count="44"/>
      <line num="165" type="stmt" count="44"/>
      <line num="166" type="stmt" count="17"/>
      <line num="169" type="stmt" count="27"/>
      <line num="186" type="method" name="buildAttributes" visibility="private" complexity="4" crap="4" count="44"/>
      <line num="188" type="stmt" count="44"/>
      <line num="189" type="stmt" count="44"/>
      <line num="191" type="stmt" count="44"/>
      <line num="192" type="stmt" count="44"/>
      <line num="194" type="stmt" count="44"/>
      <line num="195" type="stmt" count="1"/>
      <line num="197" type="stmt" count="44"/>
      <line num="199" type="stmt" count="44"/>
      <line num="200" type="stmt" count="5"/>
      <line num="203" type="stmt" count="44"/>
      <line num="213" type="method" name="send" visibility="public" complexity="8" crap="8" count="44"/>
      <line num="215" type="stmt" count="44"/>
      <line num="216" type="stmt" count="44"/>
      <line num="220" type="stmt" count="44"/>
      <line num="222" type="stmt" count="44"/>
      <line num="224" type="stmt" count="44"/>
      <line num="226" type="stmt" count="44"/>
      <line num="228" type="stmt" count="44"/>
      <line num="229" type="stmt" count="44"/>
      <line num="230" type="stmt" count="44"/>
      <line num="232" type="stmt" count="44"/>
      <line num="233" type="stmt" count="44"/>
      <line num="234" type="stmt" count="2"/>
      <line num="237" type="stmt" count="44"/>
      <line num="238" type="stmt" count="44"/>
      <line num="242" type="stmt" count="11"/>
      <line num="244" type="stmt" count="6"/>
      <line num="245" type="stmt" count="6"/>
      <line num="246" type="stmt" count="6"/>
      <line num="248" type="stmt" count="33"/>
      <line num="249" type="stmt" count="33"/>
      <line num="251" type="stmt" count="33"/>
      <line num="252" type="stmt" count="33"/>
      <line num="253" type="stmt" count="33"/>
      <line num="254" type="stmt" count="33"/>
      <line num="255" type="stmt" count="33"/>
      <line num="256" type="stmt" count="33"/>
      <line num="258" type="stmt" count="33"/>
      <line num="259" type="stmt" count="33"/>
      <line num="262" type="stmt" count="39"/>
      <line num="263" type="stmt" count="3"/>
      <line num="274" type="stmt" count="3"/>
      <line num="275" type="stmt" count="1"/>
      <line num="276" type="stmt" count="1"/>
      <line num="277" type="stmt" count="1"/>
      <line num="279" type="stmt" count="1"/>
      <line num="280" type="stmt" count="1"/>
      <line num="281" type="stmt" count="1"/>
      <line num="282" type="stmt" count="1"/>
      <line num="283" type="stmt" count="1"/>
      <line num="289" type="stmt" count="1"/>
      <line num="290" type="stmt" count="1"/>
      <line num="294" type="stmt" count="3"/>
      <line num="295" type="stmt" count="3"/>
      <line num="296" type="stmt" count="3"/>
      <line num="298" type="stmt" count="36"/>
      <line num="299" type="stmt" count="36"/>
      <line num="302" type="stmt" count="39"/>
      <line num="305" type="method" name="ensureDelayExchange" visibility="private" complexity="2" crap="2" count="6"/>
      <line num="307" type="stmt" count="6"/>
      <line num="308" type="stmt" count="1"/>
      <line num="311" type="stmt" count="6"/>
      <line num="312" type="stmt" count="6"/>
      <line num="313" type="stmt" count="6"/>
      <line num="314" type="stmt" count="6"/>
      <line num="315" type="stmt" count="6"/>
      <line num="318" type="method" name="sendWithDelay" visibility="private" complexity="2" crap="2" count="6"/>
      <line num="326" type="stmt" count="6"/>
      <line num="328" type="stmt" count="6"/>
      <line num="329" type="stmt" count="6"/>
      <line num="330" type="stmt" count="6"/>
      <line num="333" type="stmt" count="6"/>
      <line num="335" type="stmt" count="6"/>
      <line num="336" type="stmt" count="6"/>
      <line num="337" type="stmt" count="6"/>
      <line num="338" type="stmt" count="6"/>
      <line num="339" type="stmt" count="6"/>
      <line num="340" type="stmt" count="6"/>
      <line num="342" type="stmt" count="6"/>
      <line num="356" type="method" name="prepareDelayQueueName" visibility="private" complexity="2" crap="2" count="11"/>
      <line num="358" type="stmt" count="11"/>
      <line num="360" type="stmt" count="7"/>
      <line num="362" type="stmt" count="7"/>
      <line num="363" type="stmt" count="1"/>
      <line num="364" type="stmt" count="1"/>
      <line num="365" type="stmt" count="1"/>
      <line num="366" type="stmt" count="1"/>
      <line num="367" type="stmt" count="1"/>
      <line num="370" type="stmt" count="6"/>
      <line num="373" type="method" name="getDelayQueueName" visibility="private" complexity="1" crap="1" count="7"/>
      <line num="375" type="stmt" count="7"/>
      <line num="376" type="stmt" count="7"/>
      <line num="377" type="stmt" count="7"/>
      <line num="378" type="stmt" count="7"/>
      <line num="379" type="stmt" count="7"/>
      <line num="388" type="method" name="assertSafeEntityRoutingKey" visibility="private" complexity="3" crap="3" count="11"/>
      <line num="390" type="stmt" count="11"/>
      <line num="391" type="stmt" count="1"/>
      <line num="392" type="stmt" count="1"/>
      <line num="393" type="stmt" count="1"/>
      <line num="394" type="stmt" count="1"/>
      <line num="395" type="stmt" count="1"/>
      <line num="398" type="stmt" count="10"/>
      <line num="399" type="stmt" count="3"/>
      <line num="400" type="stmt" count="3"/>
      <line num="401" type="stmt" count="3"/>
      <line num="402" type="stmt" count="3"/>
      <line num="406" type="method" name="createDelayQueue" visibility="private" complexity="1" crap="1" count="6"/>
      <line num="408" type="stmt" count="6"/>
      <line num="409" type="stmt" count="6"/>
      <line num="410" type="stmt" count="6"/>
      <line num="411" type="stmt" count="6"/>
      <line num="412" type="stmt" count="6"/>
      <line num="413" type="stmt" count="6"/>
      <line num="414" type="stmt" count="6"/>
      <line num="415" type="stmt" count="6"/>
      <metrics loc="418" ncloc="283" classes="1" methods="13" coveredmethods="13" conditionals="0" coveredconditionals="0" statements="142" coveredstatements="142" elements="155" coveredelements="155"/>
    </file>
    <metrics files="29" loc="4020" ncloc="2595" classes="19" methods="149" coveredmethods="128" conditionals="0" coveredconditionals="0" statements="1045" coveredstatements="1010" elements="1194" coveredelements="1138"/>
  </project>
</coverage>
